<?xml version="1.0" encoding="UTF-8"?>
<!-- Generated by org.testng.reporters.JUnitReportReporter -->
<testsuite hostname="DESKTOP-FT4ONKC" failures="0" tests="1" name="testcases.AdminLoginWithValidCredential" time="5.982" errors="0" timestamp="2025-07-09T01:51:14 PDT" skipped="0">
  <testcase classname="testcases.AdminLoginWithValidCredential" name="AdminLogin" time="5.982"/>
</testsuite> <!-- testcases.AdminLoginWithValidCredential -->
